<?xml version="1.0" encoding="utf-8"?><testsuites><testsuite name="pytest" errors="0" failures="0" skipped="0" tests="92" time="3.778" timestamp="2021-03-17T19:38:04.323909" hostname="PC38"><testcase classname="tests.evaluation.test_evaluation.TestEvaluation" name="test_plot_incidence" time="0.007" /><testcase classname="tests.model_building.test_forward_selection.TestForwardFeatureSelection" name="test_get_model_from_step" time="0.003" /><testcase classname="tests.model_building.test_forward_selection.TestForwardFeatureSelection" name="test_compute_model_performances" time="0.022" /><testcase classname="tests.model_building.test_forward_selection.TestForwardFeatureSelection" name="test_fit[2-expectation0]" time="0.002" /><testcase classname="tests.model_building.test_forward_selection.TestForwardFeatureSelection" name="test_fit[3-expectation1]" time="0.003" /><testcase classname="tests.model_building.test_forward_selection.TestForwardFeatureSelection" name="test_fit[5-expectation2]" time="0.003" /><testcase classname="tests.model_building.test_forward_selection.TestForwardFeatureSelection" name="test_fit[10-expectation3]" time="0.002" /><testcase classname="tests.model_building.test_forward_selection.TestForwardFeatureSelection" name="test_fit[15-expectation4]" time="0.002" /><testcase classname="tests.model_building.test_forward_selection.TestForwardFeatureSelection" name="test_forward_selection[5]" time="0.002" /><testcase classname="tests.model_building.test_forward_selection.TestForwardFeatureSelection" name="test_forward_selection[10]" time="0.003" /><testcase classname="tests.model_building.test_forward_selection.TestForwardFeatureSelection" name="test_forward_selection[15]" time="0.002" /><testcase classname="tests.model_building.test_models.TestLogisticRegressionModel" name="test_evaluate" time="0.003" /><testcase classname="tests.model_building.test_models.TestLogisticRegressionModel" name="test_evaluate_cached" time="0.003" /><testcase classname="tests.model_building.test_models.TestLogisticRegressionModel" name="test_compute_variable_importance" time="0.009" /><testcase classname="tests.model_building.test_models.TestLogisticRegressionModel" name="test_serialize" time="0.002" /><testcase classname="tests.model_building.test_models.TestLogisticRegressionModel" name="test_deserialize" time="0.002" /><testcase classname="tests.preprocessing.test_categorical_data_processor.TestCategoricalDataProcessor" name="test_attributes_to_dict" time="0.002" /><testcase classname="tests.preprocessing.test_categorical_data_processor.TestCategoricalDataProcessor" name="test_set_attributes_from_dict[regroup]" time="0.002" /><testcase classname="tests.preprocessing.test_categorical_data_processor.TestCategoricalDataProcessor" name="test_set_attributes_from_dict[regroup_name]" time="0.002" /><testcase classname="tests.preprocessing.test_categorical_data_processor.TestCategoricalDataProcessor" name="test_set_attributes_from_dict[keep_missing]" time="0.001" /><testcase classname="tests.preprocessing.test_categorical_data_processor.TestCategoricalDataProcessor" name="test_set_attributes_from_dict[category_size_threshold]" time="0.001" /><testcase classname="tests.preprocessing.test_categorical_data_processor.TestCategoricalDataProcessor" name="test_set_attributes_from_dict[p_value_threshold]" time="0.001" /><testcase classname="tests.preprocessing.test_categorical_data_processor.TestCategoricalDataProcessor" name="test_set_attributes_from_dict[scale_contingency_table]" time="0.002" /><testcase classname="tests.preprocessing.test_categorical_data_processor.TestCategoricalDataProcessor" name="test_set_attributes_from_dict[forced_categories]" time="0.002" /><testcase classname="tests.preprocessing.test_categorical_data_processor.TestCategoricalDataProcessor" name="test_set_attributes_from_dict[_cleaned_categories_by_column]" time="0.002" /><testcase classname="tests.preprocessing.test_categorical_data_processor.TestCategoricalDataProcessor" name="test_compute_p_value[False-0.01329]" time="0.026" /><testcase classname="tests.preprocessing.test_categorical_data_processor.TestCategoricalDataProcessor" name="test_compute_p_value[True-0.43437]" time="0.021" /><testcase classname="tests.preprocessing.test_categorical_data_processor.TestCategoricalDataProcessor" name="test_get_small_categories" time="0.003" /><testcase classname="tests.preprocessing.test_categorical_data_processor.TestCategoricalDataProcessor" name="test_replace_missings" time="0.007" /><testcase classname="tests.preprocessing.test_categorical_data_processor.TestCategoricalDataProcessor" name="test_replace_categories[cleaned_categories0-expected0]" time="0.002" /><testcase classname="tests.preprocessing.test_categorical_data_processor.TestCategoricalDataProcessor" name="test_replace_categories[cleaned_categories1-expected1]" time="0.002" /><testcase classname="tests.preprocessing.test_categorical_data_processor.TestCategoricalDataProcessor" name="test_all_cats_not_significant" time="0.063" /><testcase classname="tests.preprocessing.test_categorical_data_processor.TestCategoricalDataProcessor" name="test_regroup_name" time="0.073" /><testcase classname="tests.preprocessing.test_categorical_data_processor.TestCategoricalDataProcessor" name="test_force_category" time="0.067" /><testcase classname="tests.preprocessing.test_categorical_data_processor.TestCategoricalDataProcessor" name="test_categorical_variable_is_constant" time="0.012" /><testcase classname="tests.preprocessing.test_kbins_discretizer.TestKBinsDiscretizer" name="test_attributes_to_dict" time="0.002" /><testcase classname="tests.preprocessing.test_kbins_discretizer.TestKBinsDiscretizer" name="test_set_attributes_from_dict[n_bins]" time="0.001" /><testcase classname="tests.preprocessing.test_kbins_discretizer.TestKBinsDiscretizer" name="test_set_attributes_from_dict[strategy]" time="0.001" /><testcase classname="tests.preprocessing.test_kbins_discretizer.TestKBinsDiscretizer" name="test_set_attributes_from_dict[closed]" time="0.002" /><testcase classname="tests.preprocessing.test_kbins_discretizer.TestKBinsDiscretizer" name="test_set_attributes_from_dict[auto_adapt_bins]" time="0.002" /><testcase classname="tests.preprocessing.test_kbins_discretizer.TestKBinsDiscretizer" name="test_set_attributes_from_dict[starting_precision]" time="0.001" /><testcase classname="tests.preprocessing.test_kbins_discretizer.TestKBinsDiscretizer" name="test_set_attributes_from_dict[label_format]" time="0.001" /><testcase classname="tests.preprocessing.test_kbins_discretizer.TestKBinsDiscretizer" name="test_set_attributes_from_dict[change_endpoint_format]" time="0.001" /><testcase classname="tests.preprocessing.test_kbins_discretizer.TestKBinsDiscretizer" name="test_set_attributes_from_dict[_bins_by_column]" time="0.002" /><testcase classname="tests.preprocessing.test_kbins_discretizer.TestKBinsDiscretizer" name="test_fit_exception[trees-expectation0]" time="0.003" /><testcase classname="tests.preprocessing.test_kbins_discretizer.TestKBinsDiscretizer" name="test_fit_exception[quantile-expectation1]" time="0.005" /><testcase classname="tests.preprocessing.test_kbins_discretizer.TestKBinsDiscretizer" name="test_transform[raise-expectation0]" time="0.002" /><testcase classname="tests.preprocessing.test_kbins_discretizer.TestKBinsDiscretizer" name="test_transform[regular_test-expectation1]" time="0.014" /><testcase classname="tests.preprocessing.test_kbins_discretizer.TestKBinsDiscretizer" name="test_transform[constant_data-expectation2]" time="0.005" /><testcase classname="tests.preprocessing.test_kbins_discretizer.TestKBinsDiscretizer" name="test_validate_n_bins_exception[1-expectation0]" time="0.001" /><testcase classname="tests.preprocessing.test_kbins_discretizer.TestKBinsDiscretizer" name="test_validate_n_bins_exception[10.5-expectation1]" time="0.002" /><testcase classname="tests.preprocessing.test_kbins_discretizer.TestKBinsDiscretizer" name="test_validate_n_bins_exception[2-expectation2]" time="0.002" /><testcase classname="tests.preprocessing.test_kbins_discretizer.TestKBinsDiscretizer" name="test_transform_column" time="0.011" /><testcase classname="tests.preprocessing.test_kbins_discretizer.TestKBinsDiscretizer" name="test_fit_column[regular]" time="0.004" /><testcase classname="tests.preprocessing.test_kbins_discretizer.TestKBinsDiscretizer" name="test_fit_column[auto_adapt_bins]" time="0.004" /><testcase classname="tests.preprocessing.test_kbins_discretizer.TestKBinsDiscretizer" name="test_fit_column[two bin edges]" time="0.004" /><testcase classname="tests.preprocessing.test_kbins_discretizer.TestKBinsDiscretizer" name="test_compute_bin_edges[quantile]" time="0.005" /><testcase classname="tests.preprocessing.test_kbins_discretizer.TestKBinsDiscretizer" name="test_compute_bin_edges[uniform]" time="0.002" /><testcase classname="tests.preprocessing.test_kbins_discretizer.TestKBinsDiscretizer" name="test_compute_minimal_precision_of_bin_edges[less precision]" time="0.001" /><testcase classname="tests.preprocessing.test_kbins_discretizer.TestKBinsDiscretizer" name="test_compute_minimal_precision_of_bin_edges[more precision]" time="0.002" /><testcase classname="tests.preprocessing.test_kbins_discretizer.TestKBinsDiscretizer" name="test_compute_minimal_precision_of_bin_edges[equal precision]" time="0.002" /><testcase classname="tests.preprocessing.test_kbins_discretizer.TestKBinsDiscretizer" name="test_compute_minimal_precision_of_bin_edges[negative start]" time="0.002" /><testcase classname="tests.preprocessing.test_kbins_discretizer.TestKBinsDiscretizer" name="test_compute_minimal_precision_of_bin_edges[round up]" time="0.002" /><testcase classname="tests.preprocessing.test_kbins_discretizer.TestKBinsDiscretizer" name="test_compute_bins_from_edges[bin_edges0-expected0]" time="0.002" /><testcase classname="tests.preprocessing.test_kbins_discretizer.TestKBinsDiscretizer" name="test_compute_bins_from_edges[bin_edges1-expected1]" time="0.002" /><testcase classname="tests.preprocessing.test_kbins_discretizer.TestKBinsDiscretizer" name="test_create_bin_labels[standard format]" time="0.003" /><testcase classname="tests.preprocessing.test_kbins_discretizer.TestKBinsDiscretizer" name="test_create_bin_labels[different endpoints]" time="0.002" /><testcase classname="tests.preprocessing.test_kbins_discretizer.TestKBinsDiscretizer" name="test_create_bin_labels[different endpoints left]" time="0.002" /><testcase classname="tests.preprocessing.test_preprocessor.TestPreProcessor" name="test_train_selection_validation_split[0.6-0.2-0.2-expected_sizes0]" time="0.024" /><testcase classname="tests.preprocessing.test_preprocessor.TestPreProcessor" name="test_train_selection_validation_split[0.7-0.3-0.0-expected_sizes1]" time="0.025" /><testcase classname="tests.preprocessing.test_preprocessor.TestPreProcessor" name="test_train_selection_validation_split_error_wrong_prop" time="0.002" /><testcase classname="tests.preprocessing.test_preprocessor.TestPreProcessor" name="test_train_selection_validation_split_error_zero_selection_prop" time="0.004" /><testcase classname="tests.preprocessing.test_preprocessor.TestPreProcessor" name="test_is_valid_pipeline[None-True]" time="0.003" /><testcase classname="tests.preprocessing.test_preprocessor.TestPreProcessor" name="test_is_valid_pipeline[categorical_data_processor-False]" time="0.004" /><testcase classname="tests.preprocessing.test_preprocessor.TestPreProcessor" name="test_is_valid_pipeline[discretizer-False]" time="0.002" /><testcase classname="tests.preprocessing.test_preprocessor.TestPreProcessor" name="test_is_valid_pipeline[target_encoder-False]" time="0.003" /><testcase classname="tests.preprocessing.test_preprocessor.TestPreProcessor" name="test_get_variable_list[continuous_vars0-discrete_vars0-expectation0-None]" time="0.001" /><testcase classname="tests.preprocessing.test_preprocessor.TestPreProcessor" name="test_get_variable_list[continuous_vars1-discrete_vars1-expectation1-expected1]" time="0.004" /><testcase classname="tests.preprocessing.test_preprocessor.TestPreProcessor" name="test_get_variable_list[continuous_vars2-discrete_vars2-expectation2-expected2]" time="0.004" /><testcase classname="tests.preprocessing.test_preprocessor.TestPreProcessor" name="test_get_variable_list[continuous_vars3-discrete_vars3-expectation3-expected3]" time="0.002" /><testcase classname="tests.preprocessing.test_target_encoder.TestTargetEncoder" name="test_target_encoder_constructor_value_error" time="0.004" /><testcase classname="tests.preprocessing.test_target_encoder.TestTargetEncoder" name="test_target_encoder_attributes_to_dict" time="0.003" /><testcase classname="tests.preprocessing.test_target_encoder.TestTargetEncoder" name="test_target_encoder_set_attributes_from_dict_unfitted[test_weight]" time="0.001" /><testcase classname="tests.preprocessing.test_target_encoder.TestTargetEncoder" name="test_target_encoder_set_attributes_from_dict_unfitted[test_mapping]" time="0.001" /><testcase classname="tests.preprocessing.test_target_encoder.TestTargetEncoder" name="test_target_encoder_set_attributes_from_dict" time="0.005" /><testcase classname="tests.preprocessing.test_target_encoder.TestTargetEncoder" name="test_target_encoder_fit_column" time="0.010" /><testcase classname="tests.preprocessing.test_target_encoder.TestTargetEncoder" name="test_target_encoder_fit_column_global_mean" time="0.012" /><testcase classname="tests.preprocessing.test_target_encoder.TestTargetEncoder" name="test_target_encoder_fit" time="0.011" /><testcase classname="tests.preprocessing.test_target_encoder.TestTargetEncoder" name="test_target_encoder_transform" time="0.019" /><testcase classname="tests.preprocessing.test_target_encoder.TestTargetEncoder" name="test_target_encoder_transform_new_category" time="0.029" /><testcase classname="tests.preprocessing.test_target_encoder.TestTargetEncoder" name="test_target_encoder_clean_column_name" time="0.001" /><testcase classname="tests.preprocessing.test_target_encoder.TestTargetEncoder" name="test_target_encoder_clean_column_name_binned_column" time="0.002" /></testsuite></testsuites>